{"D:\\Work\\service\\express-ts\\src\\app.ts": {"path":"D:\\Work\\service\\express-ts\\src\\app.ts","all":true,"statementMap":{"0":{"start":{"line":1,"column":0},"end":{"line":1,"column":63}},"1":{"start":{"line":2,"column":0},"end":{"line":2,"column":26}},"2":{"start":{"line":3,"column":0},"end":{"line":3,"column":24}},"3":{"start":{"line":4,"column":0},"end":{"line":4,"column":27}},"4":{"start":{"line":5,"column":0},"end":{"line":5,"column":28}},"5":{"start":{"line":6,"column":0},"end":{"line":6,"column":42}},"6":{"start":{"line":7,"column":0},"end":{"line":7,"column":32}},"7":{"start":{"line":8,"column":0},"end":{"line":8,"column":15}},"9":{"start":{"line":10,"column":0},"end":{"line":10,"column":21}},"10":{"start":{"line":11,"column":0},"end":{"line":11,"column":23}},"12":{"start":{"line":13,"column":0},"end":{"line":13,"column":15}},"14":{"start":{"line":15,"column":0},"end":{"line":15,"column":22}},"16":{"start":{"line":17,"column":0},"end":{"line":17,"column":14}},"19":{"start":{"line":20,"column":0},"end":{"line":20,"column":47}},"20":{"start":{"line":21,"column":0},"end":{"line":21,"column":47}},"21":{"start":{"line":22,"column":0},"end":{"line":22,"column":2}},"24":{"start":{"line":25,"column":0},"end":{"line":25,"column":15}},"26":{"start":{"line":27,"column":0},"end":{"line":27,"column":17}},"27":{"start":{"line":28,"column":0},"end":{"line":28,"column":24}},"28":{"start":{"line":29,"column":0},"end":{"line":29,"column":60}},"29":{"start":{"line":30,"column":0},"end":{"line":30,"column":63}},"30":{"start":{"line":31,"column":0},"end":{"line":31,"column":3}}},"s":{"0":0,"1":0,"2":0,"3":0,"4":0,"5":0,"6":0,"7":0,"9":0,"10":0,"12":0,"14":0,"16":0,"19":0,"20":0,"21":0,"24":0,"26":0,"27":0,"28":0,"29":0,"30":0},"branchMap":{"0":{"type":"branch","line":1,"loc":{"start":{"line":1,"column":0},"end":{"line":31,"column":-436}},"locations":[{"start":{"line":1,"column":0},"end":{"line":31,"column":-436}}]}},"b":{"0":[0]},"fnMap":{"0":{"name":"(empty-report)","decl":{"start":{"line":1,"column":0},"end":{"line":31,"column":-436}},"loc":{"start":{"line":1,"column":0},"end":{"line":31,"column":-436}},"line":1}},"f":{"0":0}}
,"D:\\Work\\service\\express-ts\\src\\controllers\\login.controller.ts": {"path":"D:\\Work\\service\\express-ts\\src\\controllers\\login.controller.ts","all":false,"statementMap":{"0":{"start":{"line":1,"column":0},"end":{"line":1,"column":3}},"9":{"start":{"line":10,"column":0},"end":{"line":10,"column":48}},"10":{"start":{"line":11,"column":0},"end":{"line":11,"column":83}},"11":{"start":{"line":12,"column":0},"end":{"line":12,"column":50}},"12":{"start":{"line":13,"column":0},"end":{"line":13,"column":40}},"14":{"start":{"line":15,"column":0},"end":{"line":15,"column":21}},"15":{"start":{"line":16,"column":0},"end":{"line":16,"column":30}},"16":{"start":{"line":17,"column":0},"end":{"line":17,"column":16}},"17":{"start":{"line":18,"column":0},"end":{"line":18,"column":96}},"18":{"start":{"line":19,"column":0},"end":{"line":19,"column":21}},"19":{"start":{"line":20,"column":0},"end":{"line":20,"column":25}},"20":{"start":{"line":21,"column":0},"end":{"line":21,"column":12}},"21":{"start":{"line":22,"column":0},"end":{"line":22,"column":77}},"22":{"start":{"line":23,"column":0},"end":{"line":23,"column":76}},"23":{"start":{"line":24,"column":0},"end":{"line":24,"column":72}},"24":{"start":{"line":25,"column":0},"end":{"line":25,"column":4}},"25":{"start":{"line":26,"column":0},"end":{"line":26,"column":25}},"26":{"start":{"line":27,"column":0},"end":{"line":27,"column":37}},"27":{"start":{"line":28,"column":0},"end":{"line":28,"column":25}},"28":{"start":{"line":29,"column":0},"end":{"line":29,"column":38}},"29":{"start":{"line":30,"column":0},"end":{"line":30,"column":3}},"31":{"start":{"line":32,"column":0},"end":{"line":32,"column":15}},"32":{"start":{"line":33,"column":0},"end":{"line":33,"column":40}},"33":{"start":{"line":34,"column":0},"end":{"line":34,"column":21}},"34":{"start":{"line":35,"column":0},"end":{"line":35,"column":24}},"35":{"start":{"line":36,"column":0},"end":{"line":36,"column":86}},"36":{"start":{"line":37,"column":0},"end":{"line":37,"column":25}},"37":{"start":{"line":38,"column":0},"end":{"line":38,"column":36}},"38":{"start":{"line":39,"column":0},"end":{"line":39,"column":25}},"40":{"start":{"line":41,"column":0},"end":{"line":41,"column":39}},"41":{"start":{"line":42,"column":0},"end":{"line":42,"column":3}},"42":{"start":{"line":43,"column":0},"end":{"line":43,"column":1}}},"s":{"0":1,"9":1,"10":1,"11":1,"12":1,"14":1,"15":1,"16":1,"17":1,"18":1,"19":1,"20":1,"21":1,"22":1,"23":1,"24":1,"25":1,"26":1,"27":1,"28":1,"29":1,"31":1,"32":1,"33":1,"34":1,"35":1,"36":1,"37":1,"38":4,"40":4,"41":4,"42":1},"branchMap":{"0":{"type":"branch","line":16,"loc":{"start":{"line":16,"column":7},"end":{"line":16,"column":13}},"locations":[{"start":{"line":16,"column":7},"end":{"line":16,"column":13}}]},"1":{"type":"branch","line":27,"loc":{"start":{"line":27,"column":2},"end":{"line":30,"column":3}},"locations":[{"start":{"line":27,"column":2},"end":{"line":30,"column":3}}]},"2":{"type":"branch","line":38,"loc":{"start":{"line":38,"column":2},"end":{"line":42,"column":3}},"locations":[{"start":{"line":38,"column":2},"end":{"line":42,"column":3}}]}},"b":{"0":[44],"1":[1],"2":[4]},"fnMap":{"0":{"name":"LoginController","decl":{"start":{"line":16,"column":7},"end":{"line":16,"column":13}},"loc":{"start":{"line":16,"column":7},"end":{"line":16,"column":13}},"line":16},"1":{"name":"sign","decl":{"start":{"line":27,"column":2},"end":{"line":30,"column":3}},"loc":{"start":{"line":27,"column":2},"end":{"line":30,"column":3}},"line":27},"2":{"name":"out","decl":{"start":{"line":38,"column":2},"end":{"line":42,"column":3}},"loc":{"start":{"line":38,"column":2},"end":{"line":42,"column":3}},"line":38}},"f":{"0":44,"1":1,"2":4}}
,"D:\\Work\\service\\express-ts\\src\\controllers\\logs.controller.ts": {"path":"D:\\Work\\service\\express-ts\\src\\controllers\\logs.controller.ts","all":false,"statementMap":{"0":{"start":{"line":1,"column":0},"end":{"line":1,"column":3}},"8":{"start":{"line":9,"column":0},"end":{"line":9,"column":47}},"10":{"start":{"line":11,"column":0},"end":{"line":11,"column":84}},"11":{"start":{"line":12,"column":0},"end":{"line":12,"column":50}},"12":{"start":{"line":13,"column":0},"end":{"line":13,"column":47}},"14":{"start":{"line":15,"column":0},"end":{"line":15,"column":20}},"15":{"start":{"line":16,"column":0},"end":{"line":16,"column":29}},"16":{"start":{"line":17,"column":0},"end":{"line":17,"column":15}},"17":{"start":{"line":18,"column":0},"end":{"line":18,"column":30}},"18":{"start":{"line":19,"column":0},"end":{"line":19,"column":23}},"19":{"start":{"line":20,"column":0},"end":{"line":20,"column":25}},"20":{"start":{"line":21,"column":0},"end":{"line":21,"column":13}},"21":{"start":{"line":22,"column":0},"end":{"line":22,"column":98}},"22":{"start":{"line":23,"column":0},"end":{"line":23,"column":100}},"23":{"start":{"line":24,"column":0},"end":{"line":24,"column":4}},"24":{"start":{"line":25,"column":0},"end":{"line":25,"column":78}},"25":{"start":{"line":26,"column":0},"end":{"line":26,"column":45}},"26":{"start":{"line":27,"column":0},"end":{"line":27,"column":30}},"27":{"start":{"line":28,"column":0},"end":{"line":28,"column":3}},"32":{"start":{"line":33,"column":0},"end":{"line":33,"column":16}},"33":{"start":{"line":34,"column":0},"end":{"line":34,"column":30}},"34":{"start":{"line":35,"column":0},"end":{"line":35,"column":23}},"35":{"start":{"line":36,"column":0},"end":{"line":36,"column":25}},"36":{"start":{"line":37,"column":0},"end":{"line":37,"column":13}},"37":{"start":{"line":38,"column":0},"end":{"line":38,"column":98}},"38":{"start":{"line":39,"column":0},"end":{"line":39,"column":100}},"39":{"start":{"line":40,"column":0},"end":{"line":40,"column":4}},"40":{"start":{"line":41,"column":0},"end":{"line":41,"column":77}},"41":{"start":{"line":42,"column":0},"end":{"line":42,"column":45}},"42":{"start":{"line":43,"column":0},"end":{"line":43,"column":30}},"43":{"start":{"line":44,"column":0},"end":{"line":44,"column":3}},"48":{"start":{"line":49,"column":0},"end":{"line":49,"column":17}},"49":{"start":{"line":50,"column":0},"end":{"line":50,"column":30}},"50":{"start":{"line":51,"column":0},"end":{"line":51,"column":25}},"51":{"start":{"line":52,"column":0},"end":{"line":52,"column":26}},"52":{"start":{"line":53,"column":0},"end":{"line":53,"column":13}},"53":{"start":{"line":54,"column":0},"end":{"line":54,"column":98}},"54":{"start":{"line":55,"column":0},"end":{"line":55,"column":100}},"55":{"start":{"line":56,"column":0},"end":{"line":56,"column":4}},"56":{"start":{"line":57,"column":0},"end":{"line":57,"column":79}},"57":{"start":{"line":58,"column":0},"end":{"line":58,"column":46}},"58":{"start":{"line":59,"column":0},"end":{"line":59,"column":31}},"59":{"start":{"line":60,"column":0},"end":{"line":60,"column":3}},"61":{"start":{"line":62,"column":0},"end":{"line":62,"column":15}},"62":{"start":{"line":63,"column":0},"end":{"line":63,"column":30}},"63":{"start":{"line":64,"column":0},"end":{"line":64,"column":23}},"64":{"start":{"line":65,"column":0},"end":{"line":65,"column":24}},"65":{"start":{"line":66,"column":0},"end":{"line":66,"column":13}},"66":{"start":{"line":67,"column":0},"end":{"line":67,"column":98}},"67":{"start":{"line":68,"column":0},"end":{"line":68,"column":100}},"68":{"start":{"line":69,"column":0},"end":{"line":69,"column":4}},"69":{"start":{"line":70,"column":0},"end":{"line":70,"column":77}},"70":{"start":{"line":71,"column":0},"end":{"line":71,"column":44}},"71":{"start":{"line":72,"column":0},"end":{"line":72,"column":29}},"72":{"start":{"line":73,"column":0},"end":{"line":73,"column":3}},"73":{"start":{"line":74,"column":0},"end":{"line":74,"column":1}}},"s":{"0":1,"8":1,"10":1,"11":1,"12":1,"14":1,"15":1,"16":1,"17":1,"18":1,"19":1,"20":1,"21":1,"22":1,"23":1,"24":1,"25":1,"26":0,"27":0,"32":1,"33":1,"34":1,"35":1,"36":1,"37":1,"38":1,"39":1,"40":1,"41":1,"42":0,"43":0,"48":1,"49":1,"50":1,"51":1,"52":1,"53":1,"54":1,"55":1,"56":1,"57":1,"58":0,"59":0,"61":1,"62":1,"63":1,"64":1,"65":1,"66":1,"67":1,"68":1,"69":1,"70":1,"71":0,"72":0,"73":1},"branchMap":{"0":{"type":"branch","line":16,"loc":{"start":{"line":16,"column":7},"end":{"line":16,"column":13}},"locations":[{"start":{"line":16,"column":7},"end":{"line":16,"column":13}}]}},"b":{"0":[44]},"fnMap":{"0":{"name":"LogsController","decl":{"start":{"line":16,"column":7},"end":{"line":16,"column":13}},"loc":{"start":{"line":16,"column":7},"end":{"line":16,"column":13}},"line":16},"1":{"name":"getLoginLogs","decl":{"start":{"line":26,"column":2},"end":{"line":28,"column":3}},"loc":{"start":{"line":26,"column":2},"end":{"line":28,"column":3}},"line":26},"2":{"name":"getUsersLogs","decl":{"start":{"line":42,"column":2},"end":{"line":44,"column":3}},"loc":{"start":{"line":42,"column":2},"end":{"line":44,"column":3}},"line":42},"3":{"name":"getUploadLogs","decl":{"start":{"line":58,"column":2},"end":{"line":60,"column":3}},"loc":{"start":{"line":58,"column":2},"end":{"line":60,"column":3}},"line":58},"4":{"name":"getStatLogs","decl":{"start":{"line":71,"column":2},"end":{"line":73,"column":3}},"loc":{"start":{"line":71,"column":2},"end":{"line":73,"column":3}},"line":71}},"f":{"0":44,"1":0,"2":0,"3":0,"4":0}}
,"D:\\Work\\service\\express-ts\\src\\controllers\\statistics.controller.ts": {"path":"D:\\Work\\service\\express-ts\\src\\controllers\\statistics.controller.ts","all":false,"statementMap":{"0":{"start":{"line":1,"column":0},"end":{"line":1,"column":3}},"8":{"start":{"line":9,"column":0},"end":{"line":9,"column":47}},"9":{"start":{"line":10,"column":0},"end":{"line":10,"column":84}},"10":{"start":{"line":11,"column":0},"end":{"line":11,"column":50}},"11":{"start":{"line":12,"column":0},"end":{"line":12,"column":47}},"14":{"start":{"line":15,"column":0},"end":{"line":15,"column":19}},"15":{"start":{"line":16,"column":0},"end":{"line":16,"column":35}},"16":{"start":{"line":17,"column":0},"end":{"line":17,"column":16}},"17":{"start":{"line":18,"column":0},"end":{"line":18,"column":30}},"18":{"start":{"line":19,"column":0},"end":{"line":19,"column":23}},"19":{"start":{"line":20,"column":0},"end":{"line":20,"column":25}},"20":{"start":{"line":21,"column":0},"end":{"line":21,"column":13}},"21":{"start":{"line":22,"column":0},"end":{"line":22,"column":98}},"22":{"start":{"line":23,"column":0},"end":{"line":23,"column":100}},"23":{"start":{"line":24,"column":0},"end":{"line":24,"column":4}},"24":{"start":{"line":25,"column":0},"end":{"line":25,"column":34}},"25":{"start":{"line":26,"column":0},"end":{"line":26,"column":31}},"26":{"start":{"line":27,"column":0},"end":{"line":27,"column":45}},"27":{"start":{"line":28,"column":0},"end":{"line":28,"column":14}},"28":{"start":{"line":29,"column":0},"end":{"line":29,"column":15}},"29":{"start":{"line":30,"column":0},"end":{"line":30,"column":17}},"30":{"start":{"line":31,"column":0},"end":{"line":31,"column":14}},"31":{"start":{"line":32,"column":0},"end":{"line":32,"column":18}},"32":{"start":{"line":33,"column":0},"end":{"line":33,"column":6}},"33":{"start":{"line":34,"column":0},"end":{"line":34,"column":3}},"35":{"start":{"line":36,"column":0},"end":{"line":36,"column":16}},"36":{"start":{"line":37,"column":0},"end":{"line":37,"column":30}},"37":{"start":{"line":38,"column":0},"end":{"line":38,"column":23}},"38":{"start":{"line":39,"column":0},"end":{"line":39,"column":25}},"39":{"start":{"line":40,"column":0},"end":{"line":40,"column":13}},"40":{"start":{"line":41,"column":0},"end":{"line":41,"column":98}},"41":{"start":{"line":42,"column":0},"end":{"line":42,"column":100}},"42":{"start":{"line":43,"column":0},"end":{"line":43,"column":4}},"43":{"start":{"line":44,"column":0},"end":{"line":44,"column":32}},"44":{"start":{"line":45,"column":0},"end":{"line":45,"column":19}},"45":{"start":{"line":46,"column":0},"end":{"line":46,"column":17}},"46":{"start":{"line":47,"column":0},"end":{"line":47,"column":13}},"47":{"start":{"line":48,"column":0},"end":{"line":48,"column":22}},"48":{"start":{"line":49,"column":0},"end":{"line":49,"column":16}},"49":{"start":{"line":50,"column":0},"end":{"line":50,"column":25}},"50":{"start":{"line":51,"column":0},"end":{"line":51,"column":23}},"51":{"start":{"line":52,"column":0},"end":{"line":52,"column":17}},"52":{"start":{"line":53,"column":0},"end":{"line":53,"column":29}},"53":{"start":{"line":54,"column":0},"end":{"line":54,"column":33}},"54":{"start":{"line":55,"column":0},"end":{"line":55,"column":14}},"55":{"start":{"line":56,"column":0},"end":{"line":56,"column":19}},"56":{"start":{"line":57,"column":0},"end":{"line":57,"column":29}},"57":{"start":{"line":58,"column":0},"end":{"line":58,"column":32}},"58":{"start":{"line":59,"column":0},"end":{"line":59,"column":14}},"59":{"start":{"line":60,"column":0},"end":{"line":60,"column":18}},"60":{"start":{"line":61,"column":0},"end":{"line":61,"column":29}},"61":{"start":{"line":62,"column":0},"end":{"line":62,"column":31}},"62":{"start":{"line":63,"column":0},"end":{"line":63,"column":13}},"63":{"start":{"line":64,"column":0},"end":{"line":64,"column":11}},"64":{"start":{"line":65,"column":0},"end":{"line":65,"column":9}},"65":{"start":{"line":66,"column":0},"end":{"line":66,"column":8}},"66":{"start":{"line":67,"column":0},"end":{"line":67,"column":14}},"67":{"start":{"line":68,"column":0},"end":{"line":68,"column":23}},"68":{"start":{"line":69,"column":0},"end":{"line":69,"column":27}},"69":{"start":{"line":70,"column":0},"end":{"line":70,"column":8}},"70":{"start":{"line":71,"column":0},"end":{"line":71,"column":13}},"71":{"start":{"line":72,"column":0},"end":{"line":72,"column":23}},"72":{"start":{"line":73,"column":0},"end":{"line":73,"column":27}},"73":{"start":{"line":74,"column":0},"end":{"line":74,"column":8}},"74":{"start":{"line":75,"column":0},"end":{"line":75,"column":17}},"75":{"start":{"line":76,"column":0},"end":{"line":76,"column":22}},"76":{"start":{"line":77,"column":0},"end":{"line":77,"column":7}},"77":{"start":{"line":78,"column":0},"end":{"line":78,"column":5}},"78":{"start":{"line":79,"column":0},"end":{"line":79,"column":4}},"79":{"start":{"line":80,"column":0},"end":{"line":80,"column":31}},"80":{"start":{"line":81,"column":0},"end":{"line":81,"column":44}},"81":{"start":{"line":82,"column":0},"end":{"line":82,"column":14}},"82":{"start":{"line":83,"column":0},"end":{"line":83,"column":15}},"83":{"start":{"line":84,"column":0},"end":{"line":84,"column":17}},"84":{"start":{"line":85,"column":0},"end":{"line":85,"column":14}},"85":{"start":{"line":86,"column":0},"end":{"line":86,"column":18}},"86":{"start":{"line":87,"column":0},"end":{"line":87,"column":6}},"87":{"start":{"line":88,"column":0},"end":{"line":88,"column":3}},"88":{"start":{"line":89,"column":0},"end":{"line":89,"column":1}}},"s":{"0":1,"8":1,"9":1,"10":1,"11":1,"14":1,"15":1,"16":1,"17":1,"18":1,"19":1,"20":1,"21":1,"22":1,"23":1,"24":1,"25":1,"26":1,"27":0,"28":0,"29":0,"30":0,"31":0,"32":0,"33":0,"35":1,"36":1,"37":1,"38":1,"39":1,"40":1,"41":1,"42":1,"43":1,"44":1,"45":1,"46":1,"47":1,"48":1,"49":1,"50":1,"51":1,"52":1,"53":1,"54":1,"55":1,"56":1,"57":1,"58":1,"59":1,"60":1,"61":1,"62":1,"63":1,"64":1,"65":1,"66":1,"67":1,"68":1,"69":1,"70":1,"71":1,"72":1,"73":1,"74":1,"75":1,"76":1,"77":1,"78":1,"79":1,"80":1,"81":0,"82":0,"83":0,"84":0,"85":0,"86":0,"87":0,"88":1},"branchMap":{"0":{"type":"branch","line":16,"loc":{"start":{"line":16,"column":7},"end":{"line":16,"column":13}},"locations":[{"start":{"line":16,"column":7},"end":{"line":16,"column":13}}]}},"b":{"0":[44]},"fnMap":{"0":{"name":"StatisticsController","decl":{"start":{"line":16,"column":7},"end":{"line":16,"column":13}},"loc":{"start":{"line":16,"column":7},"end":{"line":16,"column":13}},"line":16},"1":{"name":"getLoginStat","decl":{"start":{"line":27,"column":2},"end":{"line":34,"column":3}},"loc":{"start":{"line":27,"column":2},"end":{"line":34,"column":3}},"line":27},"2":{"name":"getUserStat","decl":{"start":{"line":81,"column":2},"end":{"line":88,"column":3}},"loc":{"start":{"line":81,"column":2},"end":{"line":88,"column":3}},"line":81}},"f":{"0":44,"1":0,"2":0}}
,"D:\\Work\\service\\express-ts\\src\\controllers\\upload.controller.ts": {"path":"D:\\Work\\service\\express-ts\\src\\controllers\\upload.controller.ts","all":false,"statementMap":{"0":{"start":{"line":1,"column":0},"end":{"line":1,"column":3}},"8":{"start":{"line":9,"column":0},"end":{"line":9,"column":48}},"10":{"start":{"line":11,"column":0},"end":{"line":11,"column":83}},"11":{"start":{"line":12,"column":0},"end":{"line":12,"column":27}},"12":{"start":{"line":13,"column":0},"end":{"line":13,"column":34}},"14":{"start":{"line":15,"column":0},"end":{"line":15,"column":60}},"27":{"start":{"line":28,"column":0},"end":{"line":28,"column":22}},"28":{"start":{"line":29,"column":0},"end":{"line":29,"column":31}},"29":{"start":{"line":30,"column":0},"end":{"line":30,"column":39}},"31":{"start":{"line":32,"column":0},"end":{"line":32,"column":23}},"32":{"start":{"line":33,"column":0},"end":{"line":33,"column":40}},"33":{"start":{"line":34,"column":0},"end":{"line":34,"column":42}},"34":{"start":{"line":35,"column":0},"end":{"line":35,"column":27}},"35":{"start":{"line":36,"column":0},"end":{"line":36,"column":29}},"36":{"start":{"line":37,"column":0},"end":{"line":37,"column":60}},"37":{"start":{"line":38,"column":0},"end":{"line":38,"column":26}},"38":{"start":{"line":39,"column":0},"end":{"line":39,"column":20}},"39":{"start":{"line":40,"column":0},"end":{"line":40,"column":56}},"40":{"start":{"line":41,"column":0},"end":{"line":41,"column":5}},"41":{"start":{"line":42,"column":0},"end":{"line":42,"column":55}},"42":{"start":{"line":43,"column":0},"end":{"line":43,"column":3}},"44":{"start":{"line":45,"column":0},"end":{"line":45,"column":42}},"46":{"start":{"line":47,"column":0},"end":{"line":47,"column":23}},"47":{"start":{"line":48,"column":0},"end":{"line":48,"column":43}},"48":{"start":{"line":49,"column":0},"end":{"line":49,"column":42}},"49":{"start":{"line":50,"column":0},"end":{"line":50,"column":27}},"50":{"start":{"line":51,"column":0},"end":{"line":51,"column":29}},"51":{"start":{"line":52,"column":0},"end":{"line":52,"column":63}},"52":{"start":{"line":53,"column":0},"end":{"line":53,"column":26}},"53":{"start":{"line":54,"column":0},"end":{"line":54,"column":20}},"54":{"start":{"line":55,"column":0},"end":{"line":55,"column":56}},"55":{"start":{"line":56,"column":0},"end":{"line":56,"column":5}},"56":{"start":{"line":57,"column":0},"end":{"line":57,"column":55}},"57":{"start":{"line":58,"column":0},"end":{"line":58,"column":3}},"59":{"start":{"line":60,"column":0},"end":{"line":60,"column":41}},"61":{"start":{"line":62,"column":0},"end":{"line":62,"column":23}},"62":{"start":{"line":63,"column":0},"end":{"line":63,"column":42}},"63":{"start":{"line":64,"column":0},"end":{"line":64,"column":42}},"64":{"start":{"line":65,"column":0},"end":{"line":65,"column":27}},"65":{"start":{"line":66,"column":0},"end":{"line":66,"column":29}},"66":{"start":{"line":67,"column":0},"end":{"line":67,"column":62}},"67":{"start":{"line":68,"column":0},"end":{"line":68,"column":26}},"68":{"start":{"line":69,"column":0},"end":{"line":69,"column":20}},"69":{"start":{"line":70,"column":0},"end":{"line":70,"column":56}},"70":{"start":{"line":71,"column":0},"end":{"line":71,"column":5}},"71":{"start":{"line":72,"column":0},"end":{"line":72,"column":55}},"72":{"start":{"line":73,"column":0},"end":{"line":73,"column":3}},"73":{"start":{"line":74,"column":0},"end":{"line":74,"column":1}}},"s":{"0":1,"8":1,"10":1,"11":1,"12":1,"14":1,"27":1,"28":1,"29":1,"31":1,"32":1,"33":1,"34":1,"35":1,"36":1,"37":5,"38":5,"39":1,"40":1,"41":4,"42":5,"44":1,"46":1,"47":1,"48":1,"49":1,"50":1,"51":1,"52":6,"53":6,"54":1,"55":1,"56":5,"57":6,"59":1,"61":1,"62":1,"63":1,"64":1,"65":1,"66":1,"67":5,"68":5,"69":1,"70":1,"71":4,"72":5,"73":1},"branchMap":{"0":{"type":"branch","line":29,"loc":{"start":{"line":29,"column":7},"end":{"line":29,"column":13}},"locations":[{"start":{"line":29,"column":7},"end":{"line":29,"column":13}}]},"1":{"type":"branch","line":37,"loc":{"start":{"line":37,"column":2},"end":{"line":43,"column":3}},"locations":[{"start":{"line":37,"column":2},"end":{"line":43,"column":3}}]},"2":{"type":"branch","line":39,"loc":{"start":{"line":39,"column":19},"end":{"line":41,"column":5}},"locations":[{"start":{"line":39,"column":19},"end":{"line":41,"column":5}}]},"3":{"type":"branch","line":41,"loc":{"start":{"line":41,"column":4},"end":{"line":42,"column":55}},"locations":[{"start":{"line":41,"column":4},"end":{"line":42,"column":55}}]},"4":{"type":"branch","line":52,"loc":{"start":{"line":52,"column":2},"end":{"line":58,"column":3}},"locations":[{"start":{"line":52,"column":2},"end":{"line":58,"column":3}}]},"5":{"type":"branch","line":54,"loc":{"start":{"line":54,"column":19},"end":{"line":56,"column":5}},"locations":[{"start":{"line":54,"column":19},"end":{"line":56,"column":5}}]},"6":{"type":"branch","line":56,"loc":{"start":{"line":56,"column":4},"end":{"line":57,"column":55}},"locations":[{"start":{"line":56,"column":4},"end":{"line":57,"column":55}}]},"7":{"type":"branch","line":67,"loc":{"start":{"line":67,"column":2},"end":{"line":73,"column":3}},"locations":[{"start":{"line":67,"column":2},"end":{"line":73,"column":3}}]},"8":{"type":"branch","line":69,"loc":{"start":{"line":69,"column":19},"end":{"line":71,"column":5}},"locations":[{"start":{"line":69,"column":19},"end":{"line":71,"column":5}}]},"9":{"type":"branch","line":71,"loc":{"start":{"line":71,"column":4},"end":{"line":72,"column":55}},"locations":[{"start":{"line":71,"column":4},"end":{"line":72,"column":55}}]}},"b":{"0":[44],"1":[5],"2":[1],"3":[4],"4":[6],"5":[1],"6":[5],"7":[5],"8":[1],"9":[4]},"fnMap":{"0":{"name":"UploadController","decl":{"start":{"line":29,"column":7},"end":{"line":29,"column":13}},"loc":{"start":{"line":29,"column":7},"end":{"line":29,"column":13}},"line":29},"1":{"name":"uploadFile","decl":{"start":{"line":37,"column":2},"end":{"line":43,"column":3}},"loc":{"start":{"line":37,"column":2},"end":{"line":43,"column":3}},"line":37},"2":{"name":"uploadPicture","decl":{"start":{"line":52,"column":2},"end":{"line":58,"column":3}},"loc":{"start":{"line":52,"column":2},"end":{"line":58,"column":3}},"line":52},"3":{"name":"uploadAvatar","decl":{"start":{"line":67,"column":2},"end":{"line":73,"column":3}},"loc":{"start":{"line":67,"column":2},"end":{"line":73,"column":3}},"line":67}},"f":{"0":44,"1":5,"2":6,"3":5}}
,"D:\\Work\\service\\express-ts\\src\\controllers\\user.controller.ts": {"path":"D:\\Work\\service\\express-ts\\src\\controllers\\user.controller.ts","all":false,"statementMap":{"0":{"start":{"line":1,"column":0},"end":{"line":1,"column":3}},"9":{"start":{"line":10,"column":0},"end":{"line":10,"column":58}},"10":{"start":{"line":11,"column":0},"end":{"line":11,"column":103}},"11":{"start":{"line":12,"column":0},"end":{"line":12,"column":50}},"12":{"start":{"line":13,"column":0},"end":{"line":13,"column":47}},"13":{"start":{"line":14,"column":0},"end":{"line":14,"column":40}},"15":{"start":{"line":16,"column":0},"end":{"line":16,"column":21}},"16":{"start":{"line":17,"column":0},"end":{"line":17,"column":29}},"17":{"start":{"line":18,"column":0},"end":{"line":18,"column":11}},"18":{"start":{"line":19,"column":0},"end":{"line":19,"column":30}},"19":{"start":{"line":20,"column":0},"end":{"line":20,"column":25}},"20":{"start":{"line":21,"column":0},"end":{"line":21,"column":21}},"21":{"start":{"line":22,"column":0},"end":{"line":22,"column":13}},"22":{"start":{"line":23,"column":0},"end":{"line":23,"column":98}},"23":{"start":{"line":24,"column":0},"end":{"line":24,"column":100}},"24":{"start":{"line":25,"column":0},"end":{"line":25,"column":4}},"25":{"start":{"line":26,"column":0},"end":{"line":26,"column":27}},"26":{"start":{"line":27,"column":0},"end":{"line":27,"column":41}},"27":{"start":{"line":28,"column":0},"end":{"line":28,"column":40}},"28":{"start":{"line":29,"column":0},"end":{"line":29,"column":3}},"35":{"start":{"line":36,"column":0},"end":{"line":36,"column":18}},"36":{"start":{"line":37,"column":0},"end":{"line":37,"column":25}},"37":{"start":{"line":38,"column":0},"end":{"line":38,"column":29}},"38":{"start":{"line":39,"column":0},"end":{"line":39,"column":13}},"39":{"start":{"line":40,"column":0},"end":{"line":40,"column":5}},"40":{"start":{"line":41,"column":0},"end":{"line":41,"column":17}},"41":{"start":{"line":42,"column":0},"end":{"line":42,"column":17}},"42":{"start":{"line":43,"column":0},"end":{"line":43,"column":21}},"43":{"start":{"line":44,"column":0},"end":{"line":44,"column":26}},"44":{"start":{"line":45,"column":0},"end":{"line":45,"column":32}},"45":{"start":{"line":46,"column":0},"end":{"line":46,"column":5}},"46":{"start":{"line":47,"column":0},"end":{"line":47,"column":4}},"47":{"start":{"line":48,"column":0},"end":{"line":48,"column":27}},"48":{"start":{"line":49,"column":0},"end":{"line":49,"column":40}},"49":{"start":{"line":50,"column":0},"end":{"line":50,"column":25}},"50":{"start":{"line":51,"column":0},"end":{"line":51,"column":50}},"51":{"start":{"line":52,"column":0},"end":{"line":52,"column":3}},"56":{"start":{"line":57,"column":0},"end":{"line":57,"column":18}},"57":{"start":{"line":58,"column":0},"end":{"line":58,"column":71}},"58":{"start":{"line":59,"column":0},"end":{"line":59,"column":23}},"59":{"start":{"line":60,"column":0},"end":{"line":60,"column":27}},"60":{"start":{"line":61,"column":0},"end":{"line":61,"column":12}},"61":{"start":{"line":62,"column":0},"end":{"line":62,"column":61}},"62":{"start":{"line":63,"column":0},"end":{"line":63,"column":59}},"63":{"start":{"line":64,"column":0},"end":{"line":64,"column":4}},"64":{"start":{"line":65,"column":0},"end":{"line":65,"column":27}},"65":{"start":{"line":66,"column":0},"end":{"line":66,"column":43}},"66":{"start":{"line":67,"column":0},"end":{"line":67,"column":20}},"67":{"start":{"line":68,"column":0},"end":{"line":68,"column":48}},"68":{"start":{"line":69,"column":0},"end":{"line":69,"column":3}},"73":{"start":{"line":74,"column":0},"end":{"line":74,"column":17}},"74":{"start":{"line":75,"column":0},"end":{"line":75,"column":71}},"75":{"start":{"line":76,"column":0},"end":{"line":76,"column":23}},"76":{"start":{"line":77,"column":0},"end":{"line":77,"column":27}},"77":{"start":{"line":78,"column":0},"end":{"line":78,"column":12}},"78":{"start":{"line":79,"column":0},"end":{"line":79,"column":76}},"79":{"start":{"line":80,"column":0},"end":{"line":80,"column":77}},"80":{"start":{"line":81,"column":0},"end":{"line":81,"column":55}},"81":{"start":{"line":82,"column":0},"end":{"line":82,"column":57}},"82":{"start":{"line":83,"column":0},"end":{"line":83,"column":58}},"83":{"start":{"line":84,"column":0},"end":{"line":84,"column":4}},"84":{"start":{"line":85,"column":0},"end":{"line":85,"column":27}},"85":{"start":{"line":86,"column":0},"end":{"line":86,"column":27}},"86":{"start":{"line":87,"column":0},"end":{"line":87,"column":43}},"87":{"start":{"line":88,"column":0},"end":{"line":88,"column":70}},"88":{"start":{"line":89,"column":0},"end":{"line":89,"column":50}},"89":{"start":{"line":90,"column":0},"end":{"line":90,"column":3}},"90":{"start":{"line":91,"column":0},"end":{"line":91,"column":1}}},"s":{"0":1,"9":1,"10":1,"11":1,"12":1,"13":1,"15":1,"16":1,"17":1,"18":1,"19":1,"20":1,"21":1,"22":1,"23":1,"24":1,"25":1,"26":1,"27":1,"28":1,"35":1,"36":1,"37":1,"38":1,"39":1,"40":1,"41":1,"42":1,"43":1,"44":1,"45":1,"46":1,"47":1,"48":1,"49":4,"50":4,"51":4,"56":1,"57":1,"58":1,"59":1,"60":1,"61":1,"62":1,"63":1,"64":1,"65":1,"66":1,"67":1,"68":1,"73":1,"74":1,"75":1,"76":1,"77":1,"78":1,"79":1,"80":1,"81":1,"82":1,"83":1,"84":1,"85":1,"86":1,"87":2,"88":2,"89":2,"90":1},"branchMap":{"0":{"type":"branch","line":17,"loc":{"start":{"line":17,"column":7},"end":{"line":17,"column":13}},"locations":[{"start":{"line":17,"column":7},"end":{"line":17,"column":13}}]},"1":{"type":"branch","line":27,"loc":{"start":{"line":27,"column":2},"end":{"line":29,"column":3}},"locations":[{"start":{"line":27,"column":2},"end":{"line":29,"column":3}}]},"2":{"type":"branch","line":49,"loc":{"start":{"line":49,"column":2},"end":{"line":52,"column":3}},"locations":[{"start":{"line":49,"column":2},"end":{"line":52,"column":3}}]},"3":{"type":"branch","line":66,"loc":{"start":{"line":66,"column":2},"end":{"line":69,"column":3}},"locations":[{"start":{"line":66,"column":2},"end":{"line":69,"column":3}}]},"4":{"type":"branch","line":87,"loc":{"start":{"line":87,"column":2},"end":{"line":90,"column":3}},"locations":[{"start":{"line":87,"column":2},"end":{"line":90,"column":3}}]},"5":{"type":"branch","line":88,"loc":{"start":{"line":88,"column":26},"end":{"line":88,"column":70}},"locations":[{"start":{"line":88,"column":26},"end":{"line":88,"column":70}}]}},"b":{"0":[44],"1":[1],"2":[4],"3":[1],"4":[2],"5":[0]},"fnMap":{"0":{"name":"UserController","decl":{"start":{"line":17,"column":7},"end":{"line":17,"column":13}},"loc":{"start":{"line":17,"column":7},"end":{"line":17,"column":13}},"line":17},"1":{"name":"getUsers","decl":{"start":{"line":27,"column":2},"end":{"line":29,"column":3}},"loc":{"start":{"line":27,"column":2},"end":{"line":29,"column":3}},"line":27},"2":{"name":"getUser","decl":{"start":{"line":49,"column":2},"end":{"line":52,"column":3}},"loc":{"start":{"line":49,"column":2},"end":{"line":52,"column":3}},"line":49},"3":{"name":"createUser","decl":{"start":{"line":66,"column":2},"end":{"line":69,"column":3}},"loc":{"start":{"line":66,"column":2},"end":{"line":69,"column":3}},"line":66},"4":{"name":"updateUser","decl":{"start":{"line":87,"column":2},"end":{"line":90,"column":3}},"loc":{"start":{"line":87,"column":2},"end":{"line":90,"column":3}},"line":87}},"f":{"0":44,"1":1,"2":4,"3":1,"4":2}}
,"D:\\Work\\service\\express-ts\\src\\decorators\\index.ts": {"path":"D:\\Work\\service\\express-ts\\src\\decorators\\index.ts","all":false,"statementMap":{"2":{"start":{"line":3,"column":0},"end":{"line":3,"column":24}},"3":{"start":{"line":4,"column":0},"end":{"line":4,"column":14}},"4":{"start":{"line":5,"column":0},"end":{"line":5,"column":16}},"5":{"start":{"line":6,"column":0},"end":{"line":6,"column":14}},"6":{"start":{"line":7,"column":0},"end":{"line":7,"column":19}},"10":{"start":{"line":11,"column":0},"end":{"line":11,"column":51}},"11":{"start":{"line":12,"column":0},"end":{"line":12,"column":70}},"12":{"start":{"line":13,"column":0},"end":{"line":13,"column":71}},"13":{"start":{"line":14,"column":0},"end":{"line":14,"column":22}},"14":{"start":{"line":15,"column":0},"end":{"line":15,"column":3}},"15":{"start":{"line":16,"column":0},"end":{"line":16,"column":1}},"24":{"start":{"line":25,"column":0},"end":{"line":25,"column":96}},"25":{"start":{"line":26,"column":0},"end":{"line":26,"column":48}},"26":{"start":{"line":27,"column":0},"end":{"line":27,"column":83}},"27":{"start":{"line":28,"column":0},"end":{"line":28,"column":65}},"28":{"start":{"line":29,"column":0},"end":{"line":29,"column":61}},"29":{"start":{"line":30,"column":0},"end":{"line":30,"column":75}},"30":{"start":{"line":31,"column":0},"end":{"line":31,"column":3}},"31":{"start":{"line":32,"column":0},"end":{"line":32,"column":1}},"34":{"start":{"line":35,"column":0},"end":{"line":35,"column":115}},"36":{"start":{"line":37,"column":0},"end":{"line":37,"column":117}},"38":{"start":{"line":39,"column":0},"end":{"line":39,"column":115}},"40":{"start":{"line":41,"column":0},"end":{"line":41,"column":74}},"41":{"start":{"line":42,"column":0},"end":{"line":42,"column":48}}},"s":{"2":1,"3":1,"4":1,"5":1,"6":1,"10":1,"11":25,"12":25,"13":25,"14":25,"15":25,"24":1,"25":75,"26":75,"27":75,"28":75,"29":75,"30":75,"31":75,"34":1,"36":1,"38":1,"40":1,"41":0},"branchMap":{"0":{"type":"branch","line":3,"loc":{"start":{"line":3,"column":7},"end":{"line":3,"column":24}},"locations":[{"start":{"line":3,"column":7},"end":{"line":3,"column":24}}]},"1":{"type":"branch","line":11,"loc":{"start":{"line":11,"column":7},"end":{"line":16,"column":1}},"locations":[{"start":{"line":11,"column":7},"end":{"line":16,"column":1}}]},"2":{"type":"branch","line":12,"loc":{"start":{"line":12,"column":9},"end":{"line":15,"column":3}},"locations":[{"start":{"line":12,"column":9},"end":{"line":15,"column":3}}]},"3":{"type":"branch","line":25,"loc":{"start":{"line":25,"column":7},"end":{"line":32,"column":1}},"locations":[{"start":{"line":25,"column":7},"end":{"line":32,"column":1}}]},"4":{"type":"branch","line":26,"loc":{"start":{"line":26,"column":9},"end":{"line":31,"column":3}},"locations":[{"start":{"line":26,"column":9},"end":{"line":31,"column":3}}]},"5":{"type":"branch","line":35,"loc":{"start":{"line":35,"column":19},"end":{"line":35,"column":115}},"locations":[{"start":{"line":35,"column":19},"end":{"line":35,"column":115}}]},"6":{"type":"branch","line":37,"loc":{"start":{"line":37,"column":20},"end":{"line":37,"column":117}},"locations":[{"start":{"line":37,"column":20},"end":{"line":37,"column":117}}]},"7":{"type":"branch","line":39,"loc":{"start":{"line":39,"column":19},"end":{"line":39,"column":115}},"locations":[{"start":{"line":39,"column":19},"end":{"line":39,"column":115}}]}},"b":{"0":[5],"1":[25],"2":[25],"3":[75],"4":[75],"5":[40],"6":[30],"7":[5]},"fnMap":{"0":{"name":"Controller","decl":{"start":{"line":11,"column":7},"end":{"line":16,"column":1}},"loc":{"start":{"line":11,"column":7},"end":{"line":16,"column":1}},"line":11},"1":{"name":"Route","decl":{"start":{"line":25,"column":7},"end":{"line":32,"column":1}},"loc":{"start":{"line":25,"column":7},"end":{"line":32,"column":1}},"line":25},"2":{"name":"Get","decl":{"start":{"line":35,"column":19},"end":{"line":35,"column":115}},"loc":{"start":{"line":35,"column":19},"end":{"line":35,"column":115}},"line":35},"3":{"name":"Post","decl":{"start":{"line":37,"column":20},"end":{"line":37,"column":117}},"loc":{"start":{"line":37,"column":20},"end":{"line":37,"column":117}},"line":37},"4":{"name":"Put","decl":{"start":{"line":39,"column":19},"end":{"line":39,"column":115}},"loc":{"start":{"line":39,"column":19},"end":{"line":39,"column":115}},"line":39},"5":{"name":"Delete","decl":{"start":{"line":41,"column":22},"end":{"line":42,"column":48}},"loc":{"start":{"line":41,"column":22},"end":{"line":42,"column":48}},"line":41}},"f":{"0":25,"1":75,"2":40,"3":30,"4":5,"5":0}}
,"D:\\Work\\service\\express-ts\\src\\decorators\\swagger.ts": {"path":"D:\\Work\\service\\express-ts\\src\\decorators\\swagger.ts","all":false,"statementMap":{"3":{"start":{"line":4,"column":0},"end":{"line":4,"column":47}},"4":{"start":{"line":5,"column":0},"end":{"line":5,"column":48}},"5":{"start":{"line":6,"column":0},"end":{"line":6,"column":69}},"6":{"start":{"line":7,"column":0},"end":{"line":7,"column":3}},"7":{"start":{"line":8,"column":0},"end":{"line":8,"column":1}},"13":{"start":{"line":14,"column":0},"end":{"line":14,"column":39}},"14":{"start":{"line":15,"column":0},"end":{"line":15,"column":48}},"15":{"start":{"line":16,"column":0},"end":{"line":16,"column":66}},"16":{"start":{"line":17,"column":0},"end":{"line":17,"column":3}},"17":{"start":{"line":18,"column":0},"end":{"line":18,"column":1}},"23":{"start":{"line":24,"column":0},"end":{"line":24,"column":63}},"24":{"start":{"line":25,"column":0},"end":{"line":25,"column":48}},"25":{"start":{"line":26,"column":0},"end":{"line":26,"column":64}},"26":{"start":{"line":27,"column":0},"end":{"line":27,"column":3}},"27":{"start":{"line":28,"column":0},"end":{"line":28,"column":1}},"33":{"start":{"line":34,"column":0},"end":{"line":34,"column":63}},"34":{"start":{"line":35,"column":0},"end":{"line":35,"column":48}},"35":{"start":{"line":36,"column":0},"end":{"line":36,"column":64}},"36":{"start":{"line":37,"column":0},"end":{"line":37,"column":3}},"37":{"start":{"line":38,"column":0},"end":{"line":38,"column":1}},"51":{"start":{"line":52,"column":0},"end":{"line":52,"column":50}},"52":{"start":{"line":53,"column":0},"end":{"line":53,"column":48}},"53":{"start":{"line":54,"column":0},"end":{"line":54,"column":75}},"54":{"start":{"line":55,"column":0},"end":{"line":55,"column":25}},"55":{"start":{"line":56,"column":0},"end":{"line":56,"column":30}},"56":{"start":{"line":57,"column":0},"end":{"line":57,"column":31}},"57":{"start":{"line":58,"column":0},"end":{"line":58,"column":24}},"58":{"start":{"line":59,"column":0},"end":{"line":59,"column":38}},"59":{"start":{"line":60,"column":0},"end":{"line":60,"column":50}},"60":{"start":{"line":61,"column":0},"end":{"line":61,"column":7}},"61":{"start":{"line":62,"column":0},"end":{"line":62,"column":6}},"63":{"start":{"line":64,"column":0},"end":{"line":64,"column":53}},"64":{"start":{"line":65,"column":0},"end":{"line":65,"column":26}},"65":{"start":{"line":66,"column":0},"end":{"line":66,"column":16}},"66":{"start":{"line":67,"column":0},"end":{"line":67,"column":29}},"67":{"start":{"line":68,"column":0},"end":{"line":68,"column":19}},"68":{"start":{"line":69,"column":0},"end":{"line":69,"column":27}},"69":{"start":{"line":70,"column":0},"end":{"line":70,"column":34}},"70":{"start":{"line":71,"column":0},"end":{"line":71,"column":11}},"71":{"start":{"line":72,"column":0},"end":{"line":72,"column":9}},"72":{"start":{"line":73,"column":0},"end":{"line":73,"column":8}},"73":{"start":{"line":74,"column":0},"end":{"line":74,"column":20}},"74":{"start":{"line":75,"column":0},"end":{"line":75,"column":5}},"75":{"start":{"line":76,"column":0},"end":{"line":76,"column":69}},"76":{"start":{"line":77,"column":0},"end":{"line":77,"column":3}},"77":{"start":{"line":78,"column":0},"end":{"line":78,"column":1}},"79":{"start":{"line":80,"column":0},"end":{"line":80,"column":100}},"80":{"start":{"line":81,"column":0},"end":{"line":81,"column":86}},"82":{"start":{"line":83,"column":0},"end":{"line":83,"column":78}},"83":{"start":{"line":84,"column":0},"end":{"line":84,"column":16}},"84":{"start":{"line":85,"column":0},"end":{"line":85,"column":22}},"85":{"start":{"line":86,"column":0},"end":{"line":86,"column":15}},"86":{"start":{"line":87,"column":0},"end":{"line":87,"column":17}},"87":{"start":{"line":88,"column":0},"end":{"line":88,"column":6}},"88":{"start":{"line":89,"column":0},"end":{"line":89,"column":68}},"89":{"start":{"line":90,"column":0},"end":{"line":90,"column":3}},"90":{"start":{"line":91,"column":0},"end":{"line":91,"column":1}},"92":{"start":{"line":93,"column":0},"end":{"line":93,"column":99}},"93":{"start":{"line":94,"column":0},"end":{"line":94,"column":48}},"94":{"start":{"line":95,"column":0},"end":{"line":95,"column":89}},"95":{"start":{"line":96,"column":0},"end":{"line":96,"column":113}},"96":{"start":{"line":97,"column":0},"end":{"line":97,"column":79}},"97":{"start":{"line":98,"column":0},"end":{"line":98,"column":3}},"98":{"start":{"line":99,"column":0},"end":{"line":99,"column":1}}},"s":{"3":1,"4":75,"5":75,"6":75,"7":75,"13":1,"14":75,"15":75,"16":75,"17":75,"23":1,"24":35,"25":35,"26":35,"27":35,"33":1,"34":5,"35":5,"36":5,"37":5,"51":1,"52":20,"53":20,"54":20,"55":20,"56":55,"57":55,"58":55,"59":55,"60":55,"61":20,"63":20,"64":20,"65":20,"66":20,"67":20,"68":20,"69":20,"70":20,"71":20,"72":20,"73":20,"74":20,"75":20,"76":20,"77":20,"79":1,"80":15,"82":15,"83":15,"84":15,"85":15,"86":15,"87":15,"88":15,"89":15,"90":15,"92":1,"93":105,"94":105,"95":105,"96":105,"97":105,"98":105},"branchMap":{"0":{"type":"branch","line":4,"loc":{"start":{"line":4,"column":7},"end":{"line":8,"column":1}},"locations":[{"start":{"line":4,"column":7},"end":{"line":8,"column":1}}]},"1":{"type":"branch","line":5,"loc":{"start":{"line":5,"column":9},"end":{"line":7,"column":3}},"locations":[{"start":{"line":5,"column":9},"end":{"line":7,"column":3}}]},"2":{"type":"branch","line":14,"loc":{"start":{"line":14,"column":7},"end":{"line":18,"column":1}},"locations":[{"start":{"line":14,"column":7},"end":{"line":18,"column":1}}]},"3":{"type":"branch","line":15,"loc":{"start":{"line":15,"column":9},"end":{"line":17,"column":3}},"locations":[{"start":{"line":15,"column":9},"end":{"line":17,"column":3}}]},"4":{"type":"branch","line":24,"loc":{"start":{"line":24,"column":7},"end":{"line":28,"column":1}},"locations":[{"start":{"line":24,"column":7},"end":{"line":28,"column":1}}]},"5":{"type":"branch","line":25,"loc":{"start":{"line":25,"column":9},"end":{"line":27,"column":3}},"locations":[{"start":{"line":25,"column":9},"end":{"line":27,"column":3}}]},"6":{"type":"branch","line":34,"loc":{"start":{"line":34,"column":7},"end":{"line":38,"column":1}},"locations":[{"start":{"line":34,"column":7},"end":{"line":38,"column":1}}]},"7":{"type":"branch","line":35,"loc":{"start":{"line":35,"column":9},"end":{"line":37,"column":3}},"locations":[{"start":{"line":35,"column":9},"end":{"line":37,"column":3}}]},"8":{"type":"branch","line":52,"loc":{"start":{"line":52,"column":7},"end":{"line":78,"column":1}},"locations":[{"start":{"line":52,"column":7},"end":{"line":78,"column":1}}]},"9":{"type":"branch","line":53,"loc":{"start":{"line":53,"column":9},"end":{"line":77,"column":3}},"locations":[{"start":{"line":53,"column":9},"end":{"line":77,"column":3}}]},"10":{"type":"branch","line":54,"loc":{"start":{"line":54,"column":69},"end":{"line":54,"column":75}},"locations":[{"start":{"line":54,"column":69},"end":{"line":54,"column":75}}]},"11":{"type":"branch","line":56,"loc":{"start":{"line":56,"column":19},"end":{"line":62,"column":5}},"locations":[{"start":{"line":56,"column":19},"end":{"line":62,"column":5}}]},"12":{"type":"branch","line":60,"loc":{"start":{"line":60,"column":24},"end":{"line":60,"column":48}},"locations":[{"start":{"line":60,"column":24},"end":{"line":60,"column":48}}]},"13":{"type":"branch","line":60,"loc":{"start":{"line":60,"column":44},"end":{"line":60,"column":50}},"locations":[{"start":{"line":60,"column":44},"end":{"line":60,"column":50}}]},"14":{"type":"branch","line":80,"loc":{"start":{"line":80,"column":7},"end":{"line":91,"column":1}},"locations":[{"start":{"line":80,"column":7},"end":{"line":91,"column":1}}]},"15":{"type":"branch","line":81,"loc":{"start":{"line":81,"column":9},"end":{"line":90,"column":3}},"locations":[{"start":{"line":81,"column":9},"end":{"line":90,"column":3}}]},"16":{"type":"branch","line":93,"loc":{"start":{"line":93,"column":7},"end":{"line":99,"column":1}},"locations":[{"start":{"line":93,"column":7},"end":{"line":99,"column":1}}]},"17":{"type":"branch","line":94,"loc":{"start":{"line":94,"column":9},"end":{"line":98,"column":3}},"locations":[{"start":{"line":94,"column":9},"end":{"line":98,"column":3}}]},"18":{"type":"branch","line":95,"loc":{"start":{"line":95,"column":82},"end":{"line":95,"column":89}},"locations":[{"start":{"line":95,"column":82},"end":{"line":95,"column":89}}]},"19":{"type":"branch","line":96,"loc":{"start":{"line":96,"column":56},"end":{"line":96,"column":102}},"locations":[{"start":{"line":96,"column":56},"end":{"line":96,"column":102}}]},"20":{"type":"branch","line":96,"loc":{"start":{"line":96,"column":98},"end":{"line":96,"column":112}},"locations":[{"start":{"line":96,"column":98},"end":{"line":96,"column":112}}]}},"b":{"0":[75],"1":[75],"2":[75],"3":[75],"4":[35],"5":[35],"6":[5],"7":[5],"8":[20],"9":[20],"10":[0],"11":[55],"12":[30],"13":[25],"14":[15],"15":[15],"16":[105],"17":[105],"18":[75],"19":[30],"20":[75]},"fnMap":{"0":{"name":"ApiOperation","decl":{"start":{"line":4,"column":7},"end":{"line":8,"column":1}},"loc":{"start":{"line":4,"column":7},"end":{"line":8,"column":1}},"line":4},"1":{"name":"ApiPath","decl":{"start":{"line":14,"column":7},"end":{"line":18,"column":1}},"loc":{"start":{"line":14,"column":7},"end":{"line":18,"column":1}},"line":14},"2":{"name":"ApiParam","decl":{"start":{"line":24,"column":7},"end":{"line":28,"column":1}},"loc":{"start":{"line":24,"column":7},"end":{"line":28,"column":1}},"line":24},"3":{"name":"ApiQuery","decl":{"start":{"line":34,"column":7},"end":{"line":38,"column":1}},"loc":{"start":{"line":34,"column":7},"end":{"line":38,"column":1}},"line":34},"4":{"name":"ApiBody","decl":{"start":{"line":52,"column":7},"end":{"line":78,"column":1}},"loc":{"start":{"line":52,"column":7},"end":{"line":78,"column":1}},"line":52},"5":{"name":"ApiFile","decl":{"start":{"line":80,"column":7},"end":{"line":91,"column":1}},"loc":{"start":{"line":80,"column":7},"end":{"line":91,"column":1}},"line":80},"6":{"name":"ApiResponse","decl":{"start":{"line":93,"column":7},"end":{"line":99,"column":1}},"loc":{"start":{"line":93,"column":7},"end":{"line":99,"column":1}},"line":93}},"f":{"0":75,"1":75,"2":35,"3":5,"4":20,"5":15,"6":105}}
,"D:\\Work\\service\\express-ts\\src\\decorators\\validator.ts": {"path":"D:\\Work\\service\\express-ts\\src\\decorators\\validator.ts","all":false,"statementMap":{"2":{"start":{"line":3,"column":0},"end":{"line":3,"column":42}},"3":{"start":{"line":4,"column":0},"end":{"line":4,"column":53}},"7":{"start":{"line":8,"column":0},"end":{"line":8,"column":69}},"8":{"start":{"line":9,"column":0},"end":{"line":9,"column":49}},"10":{"start":{"line":11,"column":0},"end":{"line":11,"column":40}},"11":{"start":{"line":12,"column":0},"end":{"line":12,"column":53}},"12":{"start":{"line":13,"column":0},"end":{"line":13,"column":6}},"15":{"start":{"line":16,"column":0},"end":{"line":16,"column":27}},"16":{"start":{"line":17,"column":0},"end":{"line":17,"column":21}},"17":{"start":{"line":18,"column":0},"end":{"line":18,"column":53}},"18":{"start":{"line":19,"column":0},"end":{"line":19,"column":13}},"19":{"start":{"line":20,"column":0},"end":{"line":20,"column":17}},"20":{"start":{"line":21,"column":0},"end":{"line":21,"column":6}},"21":{"start":{"line":22,"column":0},"end":{"line":22,"column":4}},"22":{"start":{"line":23,"column":0},"end":{"line":23,"column":1}},"25":{"start":{"line":26,"column":0},"end":{"line":26,"column":64}},"26":{"start":{"line":27,"column":0},"end":{"line":27,"column":10}},"27":{"start":{"line":28,"column":0},"end":{"line":28,"column":14}},"28":{"start":{"line":29,"column":0},"end":{"line":29,"column":58}},"29":{"start":{"line":30,"column":0},"end":{"line":30,"column":43}},"30":{"start":{"line":31,"column":0},"end":{"line":31,"column":30}},"31":{"start":{"line":32,"column":0},"end":{"line":32,"column":64}},"32":{"start":{"line":33,"column":0},"end":{"line":33,"column":7}},"33":{"start":{"line":34,"column":0},"end":{"line":34,"column":13}},"34":{"start":{"line":35,"column":0},"end":{"line":35,"column":5}},"35":{"start":{"line":36,"column":0},"end":{"line":36,"column":4}},"36":{"start":{"line":37,"column":0},"end":{"line":37,"column":1}}},"s":{"2":1,"3":1,"7":1,"8":55,"10":55,"11":110,"12":55,"15":55,"16":55,"17":55,"18":55,"19":55,"20":55,"21":55,"22":55,"25":55,"26":55,"27":55,"28":55,"29":26,"30":26,"31":17,"32":17,"33":9,"34":26,"35":55,"36":55},"branchMap":{"0":{"type":"branch","line":8,"loc":{"start":{"line":8,"column":7},"end":{"line":23,"column":1}},"locations":[{"start":{"line":8,"column":7},"end":{"line":23,"column":1}}]},"1":{"type":"branch","line":9,"loc":{"start":{"line":9,"column":10},"end":{"line":22,"column":4}},"locations":[{"start":{"line":9,"column":10},"end":{"line":22,"column":4}}]},"2":{"type":"branch","line":11,"loc":{"start":{"line":11,"column":35},"end":{"line":12,"column":53}},"locations":[{"start":{"line":11,"column":35},"end":{"line":12,"column":53}}]},"3":{"type":"branch","line":12,"loc":{"start":{"line":12,"column":19},"end":{"line":12,"column":52}},"locations":[{"start":{"line":12,"column":19},"end":{"line":12,"column":52}}]},"4":{"type":"branch","line":26,"loc":{"start":{"line":26,"column":0},"end":{"line":37,"column":1}},"locations":[{"start":{"line":26,"column":0},"end":{"line":37,"column":1}}]},"5":{"type":"branch","line":29,"loc":{"start":{"line":29,"column":4},"end":{"line":35,"column":5}},"locations":[{"start":{"line":29,"column":4},"end":{"line":35,"column":5}}]},"6":{"type":"branch","line":31,"loc":{"start":{"line":31,"column":29},"end":{"line":33,"column":7}},"locations":[{"start":{"line":31,"column":29},"end":{"line":33,"column":7}}]},"7":{"type":"branch","line":33,"loc":{"start":{"line":33,"column":6},"end":{"line":34,"column":13}},"locations":[{"start":{"line":33,"column":6},"end":{"line":34,"column":13}}]}},"b":{"0":[55],"1":[55],"2":[110],"3":[0],"4":[55],"5":[26],"6":[17],"7":[9]},"fnMap":{"0":{"name":"Validate","decl":{"start":{"line":8,"column":7},"end":{"line":23,"column":1}},"loc":{"start":{"line":8,"column":7},"end":{"line":23,"column":1}},"line":8},"1":{"name":"createValidationMiddleware","decl":{"start":{"line":26,"column":0},"end":{"line":37,"column":1}},"loc":{"start":{"line":26,"column":0},"end":{"line":37,"column":1}},"line":26}},"f":{"0":55,"1":55}}
,"D:\\Work\\service\\express-ts\\src\\middleware\\index.ts": {"path":"D:\\Work\\service\\express-ts\\src\\middleware\\index.ts","all":false,"statementMap":{"0":{"start":{"line":1,"column":0},"end":{"line":1,"column":41}},"3":{"start":{"line":4,"column":0},"end":{"line":4,"column":31}},"4":{"start":{"line":5,"column":0},"end":{"line":5,"column":78}},"5":{"start":{"line":6,"column":0},"end":{"line":6,"column":1}}},"s":{"0":1,"3":1,"4":35,"5":35},"branchMap":{"0":{"type":"branch","line":4,"loc":{"start":{"line":4,"column":24},"end":{"line":6,"column":1}},"locations":[{"start":{"line":4,"column":24},"end":{"line":6,"column":1}}]}},"b":{"0":[35]},"fnMap":{"0":{"name":"PaginationValid","decl":{"start":{"line":4,"column":24},"end":{"line":6,"column":1}},"loc":{"start":{"line":4,"column":24},"end":{"line":6,"column":1}},"line":4}},"f":{"0":35}}
,"D:\\Work\\service\\express-ts\\src\\plugins\\swagger.ts": {"path":"D:\\Work\\service\\express-ts\\src\\plugins\\swagger.ts","all":true,"statementMap":{"1":{"start":{"line":2,"column":0},"end":{"line":2,"column":40}},"2":{"start":{"line":3,"column":0},"end":{"line":3,"column":42}},"3":{"start":{"line":4,"column":0},"end":{"line":4,"column":65}},"5":{"start":{"line":6,"column":0},"end":{"line":6,"column":39}},"7":{"start":{"line":8,"column":0},"end":{"line":8,"column":46}},"8":{"start":{"line":9,"column":0},"end":{"line":9,"column":15}},"9":{"start":{"line":10,"column":0},"end":{"line":10,"column":21}},"10":{"start":{"line":11,"column":0},"end":{"line":11,"column":11}},"11":{"start":{"line":12,"column":0},"end":{"line":12,"column":22}},"12":{"start":{"line":13,"column":0},"end":{"line":13,"column":23}},"13":{"start":{"line":14,"column":0},"end":{"line":14,"column":39}},"14":{"start":{"line":15,"column":0},"end":{"line":15,"column":6}},"15":{"start":{"line":16,"column":0},"end":{"line":16,"column":44}},"16":{"start":{"line":17,"column":0},"end":{"line":17,"column":4}},"17":{"start":{"line":18,"column":0},"end":{"line":18,"column":10}},"19":{"start":{"line":20,"column":0},"end":{"line":20,"column":1}},"20":{"start":{"line":21,"column":0},"end":{"line":21,"column":48}},"22":{"start":{"line":23,"column":0},"end":{"line":23,"column":34}},"23":{"start":{"line":24,"column":0},"end":{"line":24,"column":69}},"24":{"start":{"line":25,"column":0},"end":{"line":25,"column":80}},"25":{"start":{"line":26,"column":0},"end":{"line":26,"column":1}}},"s":{"1":0,"2":0,"3":0,"5":0,"7":0,"8":0,"9":0,"10":0,"11":0,"12":0,"13":0,"14":0,"15":0,"16":0,"17":0,"19":0,"20":0,"22":0,"23":0,"24":0,"25":0},"branchMap":{"0":{"type":"branch","line":1,"loc":{"start":{"line":1,"column":801},"end":{"line":26,"column":1}},"locations":[{"start":{"line":1,"column":801},"end":{"line":26,"column":1}}]}},"b":{"0":[1]},"fnMap":{"0":{"name":"(empty-report)","decl":{"start":{"line":1,"column":801},"end":{"line":26,"column":1}},"loc":{"start":{"line":1,"column":801},"end":{"line":26,"column":1}},"line":1}},"f":{"0":1}}
,"D:\\Work\\service\\express-ts\\src\\routes\\index.ts": {"path":"D:\\Work\\service\\express-ts\\src\\routes\\index.ts","all":false,"statementMap":{"0":{"start":{"line":1,"column":0},"end":{"line":1,"column":41}},"1":{"start":{"line":2,"column":0},"end":{"line":2,"column":66}},"2":{"start":{"line":3,"column":0},"end":{"line":3,"column":63}},"3":{"start":{"line":4,"column":0},"end":{"line":4,"column":68}},"4":{"start":{"line":5,"column":0},"end":{"line":5,"column":64}},"5":{"start":{"line":6,"column":0},"end":{"line":6,"column":76}},"7":{"start":{"line":8,"column":0},"end":{"line":8,"column":64}},"8":{"start":{"line":9,"column":0},"end":{"line":9,"column":42}},"9":{"start":{"line":10,"column":0},"end":{"line":10,"column":43}},"10":{"start":{"line":11,"column":0},"end":{"line":11,"column":28}},"12":{"start":{"line":13,"column":0},"end":{"line":13,"column":86}},"13":{"start":{"line":14,"column":0},"end":{"line":14,"column":50}},"15":{"start":{"line":16,"column":0},"end":{"line":16,"column":62}},"16":{"start":{"line":17,"column":0},"end":{"line":17,"column":48}},"17":{"start":{"line":18,"column":0},"end":{"line":18,"column":40}},"18":{"start":{"line":19,"column":0},"end":{"line":19,"column":76}},"19":{"start":{"line":20,"column":0},"end":{"line":20,"column":80}},"20":{"start":{"line":21,"column":0},"end":{"line":21,"column":88}},"21":{"start":{"line":22,"column":0},"end":{"line":22,"column":95}},"22":{"start":{"line":23,"column":0},"end":{"line":23,"column":59}},"24":{"start":{"line":25,"column":0},"end":{"line":25,"column":41}},"25":{"start":{"line":26,"column":0},"end":{"line":26,"column":70}},"26":{"start":{"line":27,"column":0},"end":{"line":27,"column":129}},"27":{"start":{"line":28,"column":0},"end":{"line":28,"column":7}},"28":{"start":{"line":29,"column":0},"end":{"line":29,"column":7}},"30":{"start":{"line":31,"column":0},"end":{"line":31,"column":30}},"31":{"start":{"line":32,"column":0},"end":{"line":32,"column":5}},"32":{"start":{"line":33,"column":0},"end":{"line":33,"column":1}},"34":{"start":{"line":35,"column":0},"end":{"line":35,"column":28}},"35":{"start":{"line":36,"column":0},"end":{"line":36,"column":18}},"36":{"start":{"line":37,"column":0},"end":{"line":37,"column":17}},"37":{"start":{"line":38,"column":0},"end":{"line":38,"column":19}},"38":{"start":{"line":39,"column":0},"end":{"line":39,"column":17}},"39":{"start":{"line":40,"column":0},"end":{"line":40,"column":22}},"40":{"start":{"line":41,"column":0},"end":{"line":41,"column":1}},"43":{"start":{"line":44,"column":0},"end":{"line":44,"column":70}}},"s":{"0":1,"1":1,"2":1,"3":1,"4":1,"5":1,"7":44,"8":44,"9":220,"10":220,"12":220,"13":220,"15":220,"16":880,"17":660,"18":660,"19":660,"20":880,"21":880,"22":880,"24":880,"25":660,"26":660,"27":660,"28":220,"30":220,"31":44,"32":44,"34":1,"35":1,"36":1,"37":1,"38":1,"39":1,"40":1,"43":1},"branchMap":{"0":{"type":"branch","line":8,"loc":{"start":{"line":8,"column":0},"end":{"line":33,"column":1}},"locations":[{"start":{"line":8,"column":0},"end":{"line":33,"column":1}}]},"1":{"type":"branch","line":9,"loc":{"start":{"line":9,"column":22},"end":{"line":32,"column":3}},"locations":[{"start":{"line":9,"column":22},"end":{"line":32,"column":3}}]},"2":{"type":"branch","line":13,"loc":{"start":{"line":13,"column":78},"end":{"line":13,"column":86}},"locations":[{"start":{"line":13,"column":78},"end":{"line":13,"column":86}}]},"3":{"type":"branch","line":16,"loc":{"start":{"line":16,"column":46},"end":{"line":29,"column":5}},"locations":[{"start":{"line":16,"column":46},"end":{"line":29,"column":5}}]},"4":{"type":"branch","line":17,"loc":{"start":{"line":17,"column":41},"end":{"line":17,"column":48}},"locations":[{"start":{"line":17,"column":41},"end":{"line":17,"column":48}}]},"5":{"type":"branch","line":17,"loc":{"start":{"line":17,"column":41},"end":{"line":21,"column":85}},"locations":[{"start":{"line":17,"column":41},"end":{"line":21,"column":85}}]},"6":{"type":"branch","line":21,"loc":{"start":{"line":21,"column":80},"end":{"line":21,"column":88}},"locations":[{"start":{"line":21,"column":80},"end":{"line":21,"column":88}}]},"7":{"type":"branch","line":22,"loc":{"start":{"line":22,"column":87},"end":{"line":22,"column":95}},"locations":[{"start":{"line":22,"column":87},"end":{"line":22,"column":95}}]},"8":{"type":"branch","line":25,"loc":{"start":{"line":25,"column":10},"end":{"line":25,"column":40}},"locations":[{"start":{"line":25,"column":10},"end":{"line":25,"column":40}}]},"9":{"type":"branch","line":25,"loc":{"start":{"line":25,"column":40},"end":{"line":28,"column":7}},"locations":[{"start":{"line":25,"column":40},"end":{"line":28,"column":7}}]},"10":{"type":"branch","line":27,"loc":{"start":{"line":27,"column":45},"end":{"line":27,"column":78}},"locations":[{"start":{"line":27,"column":45},"end":{"line":27,"column":78}}]},"11":{"type":"branch","line":27,"loc":{"start":{"line":27,"column":72},"end":{"line":27,"column":98}},"locations":[{"start":{"line":27,"column":72},"end":{"line":27,"column":98}}]},"12":{"type":"branch","line":44,"loc":{"start":{"line":44,"column":15},"end":{"line":44,"column":70}},"locations":[{"start":{"line":44,"column":15},"end":{"line":44,"column":70}}]}},"b":{"0":[44],"1":[220],"2":[0],"3":[880],"4":[220],"5":[660],"6":[176],"7":[0],"8":[660],"9":[660],"10":[396],"11":[264],"12":[44]},"fnMap":{"0":{"name":"registerControllers","decl":{"start":{"line":8,"column":0},"end":{"line":33,"column":1}},"loc":{"start":{"line":8,"column":0},"end":{"line":33,"column":1}},"line":8},"1":{"name":"__vite_ssr_export_default__","decl":{"start":{"line":44,"column":15},"end":{"line":44,"column":70}},"loc":{"start":{"line":44,"column":15},"end":{"line":44,"column":70}},"line":44}},"f":{"0":44,"1":44}}
,"D:\\Work\\service\\express-ts\\src\\utils\\swagger-generator.ts": {"path":"D:\\Work\\service\\express-ts\\src\\utils\\swagger-generator.ts","all":true,"statementMap":{"2":{"start":{"line":3,"column":0},"end":{"line":3,"column":81}},"3":{"start":{"line":4,"column":0},"end":{"line":4,"column":41}},"5":{"start":{"line":6,"column":0},"end":{"line":6,"column":39}},"6":{"start":{"line":7,"column":0},"end":{"line":7,"column":37}},"7":{"start":{"line":8,"column":0},"end":{"line":8,"column":68}},"8":{"start":{"line":9,"column":0},"end":{"line":9,"column":80}},"9":{"start":{"line":10,"column":0},"end":{"line":10,"column":49}},"11":{"start":{"line":12,"column":0},"end":{"line":12,"column":37}},"12":{"start":{"line":13,"column":0},"end":{"line":13,"column":46}},"13":{"start":{"line":14,"column":0},"end":{"line":14,"column":38}},"14":{"start":{"line":15,"column":0},"end":{"line":15,"column":71}},"15":{"start":{"line":16,"column":0},"end":{"line":16,"column":89}},"16":{"start":{"line":17,"column":0},"end":{"line":17,"column":38}},"18":{"start":{"line":19,"column":0},"end":{"line":19,"column":76}},"19":{"start":{"line":20,"column":0},"end":{"line":20,"column":74}},"20":{"start":{"line":21,"column":0},"end":{"line":21,"column":74}},"21":{"start":{"line":22,"column":0},"end":{"line":22,"column":73}},"22":{"start":{"line":23,"column":0},"end":{"line":23,"column":84}},"23":{"start":{"line":24,"column":0},"end":{"line":24,"column":30}},"24":{"start":{"line":25,"column":0},"end":{"line":25,"column":34}},"25":{"start":{"line":26,"column":0},"end":{"line":26,"column":27}},"26":{"start":{"line":27,"column":0},"end":{"line":27,"column":20}},"27":{"start":{"line":28,"column":0},"end":{"line":28,"column":36}},"28":{"start":{"line":29,"column":0},"end":{"line":29,"column":23}},"29":{"start":{"line":30,"column":0},"end":{"line":30,"column":31}},"30":{"start":{"line":31,"column":0},"end":{"line":31,"column":29}},"31":{"start":{"line":32,"column":0},"end":{"line":32,"column":41}},"32":{"start":{"line":33,"column":0},"end":{"line":33,"column":35}},"33":{"start":{"line":34,"column":0},"end":{"line":34,"column":51}},"34":{"start":{"line":35,"column":0},"end":{"line":35,"column":19}},"35":{"start":{"line":36,"column":0},"end":{"line":36,"column":18}},"36":{"start":{"line":37,"column":0},"end":{"line":37,"column":76}},"37":{"start":{"line":38,"column":0},"end":{"line":38,"column":15}},"38":{"start":{"line":39,"column":0},"end":{"line":39,"column":13}},"39":{"start":{"line":40,"column":0},"end":{"line":40,"column":11}},"40":{"start":{"line":41,"column":0},"end":{"line":41,"column":9}},"41":{"start":{"line":42,"column":0},"end":{"line":42,"column":7}},"42":{"start":{"line":43,"column":0},"end":{"line":43,"column":76}},"44":{"start":{"line":45,"column":0},"end":{"line":45,"column":55}},"45":{"start":{"line":46,"column":0},"end":{"line":46,"column":94}},"46":{"start":{"line":47,"column":0},"end":{"line":47,"column":94}},"47":{"start":{"line":48,"column":0},"end":{"line":48,"column":7}},"50":{"start":{"line":51,"column":0},"end":{"line":51,"column":50}},"51":{"start":{"line":52,"column":0},"end":{"line":52,"column":31}},"52":{"start":{"line":53,"column":0},"end":{"line":53,"column":33}},"53":{"start":{"line":54,"column":0},"end":{"line":54,"column":23}},"54":{"start":{"line":55,"column":0},"end":{"line":55,"column":33}},"55":{"start":{"line":56,"column":0},"end":{"line":56,"column":19}},"56":{"start":{"line":57,"column":0},"end":{"line":57,"column":10}},"57":{"start":{"line":58,"column":0},"end":{"line":58,"column":25}},"58":{"start":{"line":59,"column":0},"end":{"line":59,"column":68}},"59":{"start":{"line":60,"column":0},"end":{"line":60,"column":34}},"60":{"start":{"line":61,"column":0},"end":{"line":61,"column":7}},"62":{"start":{"line":63,"column":0},"end":{"line":63,"column":40}},"63":{"start":{"line":64,"column":0},"end":{"line":64,"column":39}},"64":{"start":{"line":65,"column":0},"end":{"line":65,"column":6}},"65":{"start":{"line":66,"column":0},"end":{"line":66,"column":4}},"67":{"start":{"line":68,"column":0},"end":{"line":68,"column":14}},"68":{"start":{"line":69,"column":0},"end":{"line":69,"column":1}}},"s":{"2":0,"3":0,"5":0,"6":0,"7":0,"8":0,"9":0,"11":0,"12":0,"13":0,"14":0,"15":0,"16":0,"18":0,"19":0,"20":0,"21":0,"22":0,"23":0,"24":0,"25":0,"26":0,"27":0,"28":0,"29":0,"30":0,"31":0,"32":0,"33":0,"34":0,"35":0,"36":0,"37":0,"38":0,"39":0,"40":0,"41":0,"42":0,"44":0,"45":0,"46":0,"47":0,"50":0,"51":0,"52":0,"53":0,"54":0,"55":0,"56":0,"57":0,"58":0,"59":0,"60":0,"62":0,"63":0,"64":0,"65":0,"67":0,"68":0},"branchMap":{"0":{"type":"branch","line":1,"loc":{"start":{"line":1,"column":2508},"end":{"line":69,"column":1}},"locations":[{"start":{"line":1,"column":2508},"end":{"line":69,"column":1}}]}},"b":{"0":[1]},"fnMap":{"0":{"name":"(empty-report)","decl":{"start":{"line":1,"column":2508},"end":{"line":69,"column":1}},"loc":{"start":{"line":1,"column":2508},"end":{"line":69,"column":1}},"line":1}},"f":{"0":1}}
,"D:\\Work\\service\\express-ts\\tests\\setup.ts": {"path":"D:\\Work\\service\\express-ts\\tests\\setup.ts","all":false,"statementMap":{"0":{"start":{"line":1,"column":0},"end":{"line":1,"column":30}},"1":{"start":{"line":2,"column":0},"end":{"line":2,"column":26}},"2":{"start":{"line":3,"column":0},"end":{"line":3,"column":24}},"3":{"start":{"line":4,"column":0},"end":{"line":4,"column":38}},"9":{"start":{"line":10,"column":0},"end":{"line":10,"column":33}},"10":{"start":{"line":11,"column":0},"end":{"line":11,"column":24}},"13":{"start":{"line":14,"column":0},"end":{"line":14,"column":26}},"14":{"start":{"line":15,"column":0},"end":{"line":15,"column":18}},"17":{"start":{"line":18,"column":0},"end":{"line":18,"column":17}},"19":{"start":{"line":20,"column":0},"end":{"line":20,"column":13}},"20":{"start":{"line":21,"column":0},"end":{"line":21,"column":1}},"25":{"start":{"line":26,"column":0},"end":{"line":26,"column":32}},"29":{"start":{"line":30,"column":0},"end":{"line":30,"column":26}},"30":{"start":{"line":31,"column":0},"end":{"line":31,"column":25}},"31":{"start":{"line":32,"column":0},"end":{"line":32,"column":29}},"32":{"start":{"line":33,"column":0},"end":{"line":33,"column":30}},"33":{"start":{"line":34,"column":0},"end":{"line":34,"column":24}},"34":{"start":{"line":35,"column":0},"end":{"line":35,"column":5}},"39":{"start":{"line":40,"column":0},"end":{"line":40,"column":32}},"40":{"start":{"line":41,"column":0},"end":{"line":41,"column":16}},"41":{"start":{"line":42,"column":0},"end":{"line":42,"column":28}},"42":{"start":{"line":43,"column":0},"end":{"line":43,"column":16}},"43":{"start":{"line":44,"column":0},"end":{"line":44,"column":33}},"44":{"start":{"line":45,"column":0},"end":{"line":45,"column":24}},"45":{"start":{"line":46,"column":0},"end":{"line":46,"column":4}},"46":{"start":{"line":47,"column":0},"end":{"line":47,"column":2}},"51":{"start":{"line":52,"column":0},"end":{"line":52,"column":26}},"56":{"start":{"line":57,"column":0},"end":{"line":57,"column":73}},"62":{"start":{"line":63,"column":0},"end":{"line":63,"column":41}},"63":{"start":{"line":64,"column":0},"end":{"line":64,"column":83}},"64":{"start":{"line":65,"column":0},"end":{"line":65,"column":20}},"65":{"start":{"line":66,"column":0},"end":{"line":66,"column":38}},"66":{"start":{"line":67,"column":0},"end":{"line":67,"column":71}},"67":{"start":{"line":68,"column":0},"end":{"line":68,"column":5}},"68":{"start":{"line":69,"column":0},"end":{"line":69,"column":18}},"69":{"start":{"line":70,"column":0},"end":{"line":70,"column":3}},"70":{"start":{"line":71,"column":0},"end":{"line":71,"column":2}}},"s":{"0":1,"1":1,"2":1,"3":1,"9":1,"10":44,"13":44,"14":44,"17":44,"19":44,"20":44,"25":1,"29":1,"30":1,"31":1,"32":1,"33":1,"34":1,"39":1,"40":1,"41":1,"42":1,"43":1,"44":1,"45":1,"46":1,"51":1,"56":1,"62":1,"63":6,"64":6,"65":6,"66":66,"67":66,"68":6,"69":6,"70":1},"branchMap":{"0":{"type":"branch","line":10,"loc":{"start":{"line":10,"column":7},"end":{"line":21,"column":1}},"locations":[{"start":{"line":10,"column":7},"end":{"line":21,"column":1}}]},"1":{"type":"branch","line":30,"loc":{"start":{"line":30,"column":18},"end":{"line":35,"column":5}},"locations":[{"start":{"line":30,"column":18},"end":{"line":35,"column":5}}]},"2":{"type":"branch","line":40,"loc":{"start":{"line":40,"column":24},"end":{"line":46,"column":4}},"locations":[{"start":{"line":40,"column":24},"end":{"line":46,"column":4}}]},"3":{"type":"branch","line":57,"loc":{"start":{"line":57,"column":9},"end":{"line":57,"column":73}},"locations":[{"start":{"line":57,"column":9},"end":{"line":57,"column":73}}]},"4":{"type":"branch","line":57,"loc":{"start":{"line":57,"column":37},"end":{"line":57,"column":71}},"locations":[{"start":{"line":57,"column":37},"end":{"line":57,"column":71}}]},"5":{"type":"branch","line":63,"loc":{"start":{"line":63,"column":16},"end":{"line":70,"column":3}},"locations":[{"start":{"line":63,"column":16},"end":{"line":70,"column":3}}]},"6":{"type":"branch","line":66,"loc":{"start":{"line":66,"column":37},"end":{"line":68,"column":5}},"locations":[{"start":{"line":66,"column":37},"end":{"line":68,"column":5}}]}},"b":{"0":[44],"1":[1],"2":[1],"3":[1],"4":[1],"5":[6],"6":[66]},"fnMap":{"0":{"name":"createTestApp","decl":{"start":{"line":10,"column":7},"end":{"line":21,"column":1}},"loc":{"start":{"line":10,"column":7},"end":{"line":21,"column":1}},"line":10},"1":{"name":"createUserData","decl":{"start":{"line":30,"column":18},"end":{"line":35,"column":5}},"loc":{"start":{"line":30,"column":18},"end":{"line":35,"column":5}},"line":30},"2":{"name":"createUpdateUserData","decl":{"start":{"line":40,"column":24},"end":{"line":46,"column":4}},"loc":{"start":{"line":40,"column":24},"end":{"line":46,"column":4}},"line":40},"3":{"name":"delay","decl":{"start":{"line":57,"column":9},"end":{"line":57,"column":73}},"loc":{"start":{"line":57,"column":9},"end":{"line":57,"column":73}},"line":57},"4":{"name":"randomString","decl":{"start":{"line":63,"column":16},"end":{"line":70,"column":3}},"loc":{"start":{"line":63,"column":16},"end":{"line":70,"column":3}},"line":63}},"f":{"0":44,"1":1,"2":1,"3":1,"4":6}}
}
